Mobile/android/app/build/intermediates/manifest_merge_blame_file/debug/manifest-merger-blame-debug-report.txt
1<?xml version="1.0" encoding="utf-8"?>
2<manifest xmlns:android="http://schemas.android.com/apk/res/android"
3    package="com.ringsize.app"
4    android:versionCode="1"
5    android:versionName="1.0" >
6
7    <uses-sdk
8        android:minSdkVersion="26"
9        android:targetSdkVersion="34" />
10
11    <uses-permission android:name="android.permission.INTERNET" />
11-->src\main\AndroidManifest.xml:5:5-67
11-->src\main\AndroidManifest.xml:5:22-64
12    <uses-permission android:name="android.permission.ACCESS_NETWORK_STATE" />
12-->src\main\AndroidManifest.xml:6:5-79
12-->src\main\AndroidManifest.xml:6:22-76
13    <uses-permission android:name="android.permission.CAMERA" />
13-->src\main\AndroidManifest.xml:7:5-65
13-->src\main\AndroidManifest.xml:7:22-62
14    <uses-permission
14-->src\main\AndroidManifest.xml:8:5-108
15        android:name="android.permission.WRITE_EXTERNAL_STORAGE"
15-->src\main\AndroidManifest.xml:8:22-78
16        android:maxSdkVersion="28" />
16-->src\main\AndroidManifest.xml:8:79-105
17    <uses-permission
17-->src\main\AndroidManifest.xml:9:5-107
18        android:name="android.permission.READ_EXTERNAL_STORAGE"
18-->src\main\AndroidManifest.xml:9:22-77
19        android:maxSdkVersion="32" />
19-->src\main\AndroidManifest.xml:9:78-104
20
21    <uses-feature
21-->src\main\AndroidManifest.xml:10:5-85
22        android:name="android.hardware.camera"
22-->src\main\AndroidManifest.xml:10:19-57
23        android:required="false" />
23-->src\main\AndroidManifest.xml:10:58-82
24
25    <permission
25-->[androidx.core:core:1.12.0] AndroidManifest.xml:22:5-24:47
26        android:name="com.ringsize.app.DYNAMIC_RECEIVER_NOT_EXPORTED_PERMISSION"
26-->[androidx.core:core:1.12.0] AndroidManifest.xml:23:9-81
27        android:protectionLevel="signature" />
27-->[androidx.core:core:1.12.0] AndroidManifest.xml:24:9-44
28
29    <uses-permission android:name="com.ringsize.app.DYNAMIC_RECEIVER_NOT_EXPORTED_PERMISSION" />
29-->[androidx.core:core:1.12.0] AndroidManifest.xml:26:5-97
29-->[androidx.core:core:1.12.0] AndroidManifest.xml:26:22-94
30
31    <application
31-->src\main\AndroidManifest.xml:12:5-53:19
32        android:name="com.ringsize.app.RingSizerApplication"
32-->src\main\AndroidManifest.xml:13:9-45
33        android:allowBackup="true"
33-->src\main\AndroidManifest.xml:14:9-35
34        android:appComponentFactory="androidx.core.app.CoreComponentFactory"
34-->[androidx.core:core:1.12.0] AndroidManifest.xml:28:18-86
35        android:debuggable="true"
36        android:extractNativeLibs="false"
37        android:icon="@mipmap/ic_launcher"
37-->src\main\AndroidManifest.xml:15:9-43
38        android:label="@string/app_name"
38-->src\main\AndroidManifest.xml:16:9-41
39        android:roundIcon="@mipmap/ic_launcher_round"
39-->src\main\AndroidManifest.xml:17:9-54
40        android:supportsRtl="true"
40-->src\main\AndroidManifest.xml:18:9-35
41        android:theme="@style/Theme.RingSizer"
41-->src\main\AndroidManifest.xml:19:9-47
42        android:usesCleartextTraffic="true" >
42-->src\main\AndroidManifest.xml:20:9-44
43        <activity
43-->src\main\AndroidManifest.xml:23:9-31:20
44            android:name="com.ringsize.app.ui.MainActivity"
44-->src\main\AndroidManifest.xml:24:13-44
45            android:exported="true"
45-->src\main\AndroidManifest.xml:25:13-36
46            android:theme="@style/Theme.RingSizer" >
46-->src\main\AndroidManifest.xml:26:13-51
47            <intent-filter>
47-->src\main\AndroidManifest.xml:27:13-30:29
48                <action android:name="android.intent.action.MAIN" />
48-->src\main\AndroidManifest.xml:28:17-69
48-->src\main\AndroidManifest.xml:28:25-66
49
50                <category android:name="android.intent.category.LAUNCHER" />
50-->src\main\AndroidManifest.xml:29:17-77
50-->src\main\AndroidManifest.xml:29:27-74
51            </intent-filter>
52        </activity>
53        <activity
53-->src\main\AndroidManifest.xml:33:9-36:54
54            android:name="com.ringsize.app.ui.auth.LoginActivity"
54-->src\main\AndroidManifest.xml:34:13-50
55            android:exported="false"
55-->src\main\AndroidManifest.xml:35:13-37
56            android:theme="@style/Theme.RingSizer" />
56-->src\main\AndroidManifest.xml:36:13-51
57        <activity
57-->src\main\AndroidManifest.xml:38:9-42:52
58            android:name="com.ringsize.app.ui.measure.CameraMeasureActivity"
58-->src\main\AndroidManifest.xml:39:13-61
59            android:exported="false"
59-->src\main\AndroidManifest.xml:40:13-37
60            android:screenOrientation="portrait"
60-->src\main\AndroidManifest.xml:42:13-49
61            android:theme="@style/Theme.RingSizer" />
61-->src\main\AndroidManifest.xml:41:13-51
62
63        <provider
64            android:name="androidx.core.content.FileProvider"
64-->src\main\AndroidManifest.xml:45:13-62
65            android:authorities="com.ringsize.app.fileprovider"
65-->src\main\AndroidManifest.xml:46:13-64
66            android:exported="false"
66-->src\main\AndroidManifest.xml:47:13-37
67            android:grantUriPermissions="true" >
67-->src\main\AndroidManifest.xml:48:13-47
68            <meta-data
68-->src\main\AndroidManifest.xml:49:13-51:54
69                android:name="android.support.FILE_PROVIDER_PATHS"
69-->src\main\AndroidManifest.xml:50:17-67
70                android:resource="@xml/file_paths" />
70-->src\main\AndroidManifest.xml:51:17-51
71        </provider>
72        <provider
72-->[androidx.emoji2:emoji2:1.2.0] AndroidManifest.xml:24:9-32:20
73            android:name="androidx.startup.InitializationProvider"
73-->[androidx.emoji2:emoji2:1.2.0] AndroidManifest.xml:25:13-67
74            android:authorities="com.ringsize.app.androidx-startup"
74-->[androidx.emoji2:emoji2:1.2.0] AndroidManifest.xml:26:13-68
75            android:exported="false" >
75-->[androidx.emoji2:emoji2:1.2.0] AndroidManifest.xml:27:13-37
76            <meta-data
76-->[androidx.emoji2:emoji2:1.2.0] AndroidManifest.xml:29:13-31:52
77                android:name="androidx.emoji2.text.EmojiCompatInitializer"
77-->[androidx.emoji2:emoji2:1.2.0] AndroidManifest.xml:30:17-75
78                android:value="androidx.startup" />
78-->[androidx.emoji2:emoji2:1.2.0] AndroidManifest.xml:31:17-49
79            <meta-data
79-->[androidx.lifecycle:lifecycle-process:2.7.0] AndroidManifest.xml:29:13-31:52
80                android:name="androidx.lifecycle.ProcessLifecycleInitializer"
80-->[androidx.lifecycle:lifecycle-process:2.7.0] AndroidManifest.xml:30:17-78
81                android:value="androidx.startup" />
81-->[androidx.lifecycle:lifecycle-process:2.7.0] AndroidManifest.xml:31:17-49
82            <meta-data
82-->[androidx.profileinstaller:profileinstaller:1.3.0] AndroidManifest.xml:29:13-31:52
83                android:name="androidx.profileinstaller.ProfileInstallerInitializer"
83-->[androidx.profileinstaller:profileinstaller:1.3.0] AndroidManifest.xml:30:17-85
84                android:value="androidx.startup" />
84-->[androidx.profileinstaller:profileinstaller:1.3.0] AndroidManifest.xml:31:17-49
85        </provider>
86
87        <uses-library
87-->[androidx.window:window:1.0.0] AndroidManifest.xml:25:9-27:40
88            android:name="androidx.window.extensions"
88-->[androidx.window:window:1.0.0] AndroidManifest.xml:26:13-54
89            android:required="false" />
89-->[androidx.window:window:1.0.0] AndroidManifest.xml:27:13-37
90        <uses-library
90-->[androidx.window:window:1.0.0] AndroidManifest.xml:28:9-30:40
91            android:name="androidx.window.sidecar"
91-->[androidx.window:window:1.0.0] AndroidManifest.xml:29:13-51
92            android:required="false" />
92-->[androidx.window:window:1.0.0] AndroidManifest.xml:30:13-37
93
94        <service
94-->[androidx.room:room-runtime:2.6.1] AndroidManifest.xml:24:9-28:63
95            android:name="androidx.room.MultiInstanceInvalidationService"
95-->[androidx.room:room-runtime:2.6.1] AndroidManifest.xml:25:13-74
96            android:directBootAware="true"
96-->[androidx.room:room-runtime:2.6.1] AndroidManifest.xml:26:13-43
97            android:exported="false" />
97-->[androidx.room:room-runtime:2.6.1] AndroidManifest.xml:27:13-37
98
99        <receiver
99-->[androidx.profileinstaller:profileinstaller:1.3.0] AndroidManifest.xml:34:9-52:20
100            android:name="androidx.profileinstaller.ProfileInstallReceiver"
100-->[androidx.profileinstaller:profileinstaller:1.3.0] AndroidManifest.xml:35:13-76
101            android:directBootAware="false"
101-->[androidx.profileinstaller:profileinstaller:1.3.0] AndroidManifest.xml:36:13-44
102            android:enabled="true"
102-->[androidx.profileinstaller:profileinstaller:1.3.0] AndroidManifest.xml:37:13-35
103            android:exported="true"
103-->[androidx.profileinstaller:profileinstaller:1.3.0] AndroidManifest.xml:38:13-36
104            android:permission="android.permission.DUMP" >
104-->[androidx.profileinstaller:profileinstaller:1.3.0] AndroidManifest.xml:39:13-57
105            <intent-filter>
105-->[androidx.profileinstaller:profileinstaller:1.3.0] AndroidManifest.xml:40:13-42:29
106                <action android:name="androidx.profileinstaller.action.INSTALL_PROFILE" />
106-->[androidx.profileinstaller:profileinstaller:1.3.0] AndroidManifest.xml:41:17-91
106-->[androidx.profileinstaller:profileinstaller:1.3.0] AndroidManifest.xml:41:25-88
107            </intent-filter>
108            <intent-filter>
108-->[androidx.profileinstaller:profileinstaller:1.3.0] AndroidManifest.xml:43:13-45:29
109                <action android:name="androidx.profileinstaller.action.SKIP_FILE" />
109-->[androidx.profileinstaller:profileinstaller:1.3.0] AndroidManifest.xml:44:17-85
109-->[androidx.profileinstaller:profileinstaller:1.3.0] AndroidManifest.xml:44:25-82
110            </intent-filter>
111            <intent-filter>
111-->[androidx.profileinstaller:profileinstaller:1.3.0] AndroidManifest.xml:46:13-48:29
112                <action android:name="androidx.profileinstaller.action.SAVE_PROFILE" />
112-->[androidx.profileinstaller:profileinstaller:1.3.0] AndroidManifest.xml:47:17-88
112-->[androidx.profileinstaller:profileinstaller:1.3.0] AndroidManifest.xml:47:25-85
113            </intent-filter>
114            <intent-filter>
114-->[androidx.profileinstaller:profileinstaller:1.3.0] AndroidManifest.xml:49:13-51:29
115                <action android:name="androidx.profileinstaller.action.BENCHMARK_OPERATION" />
115-->[androidx.profileinstaller:profileinstaller:1.3.0] AndroidManifest.xml:50:17-95
115-->[androidx.profileinstaller:profileinstaller:1.3.0] AndroidManifest.xml:50:25-92
116            </intent-filter>
117        </receiver>
118    </application>
119
120</manifest>